\BOOKMARK [0][-]{chapter*.2}{\376\377\006\101\006\107\006\061\006\063\006\052\000\040\006\054\006\057\006\047\006\110\006\104}{}% 1
\BOOKMARK [0][-]{chapter*.3}{\376\377\006\101\006\107\006\061\006\063\006\052\000\040\006\052\006\065\006\047\006\110\006\314\006\061}{}% 2
\BOOKMARK [0][-]{section*.5}{\376\377\006\176\006\314\006\064\040\014\006\257\006\101\006\052\006\047\006\061}{}% 3
\BOOKMARK [0][-]{chapter.1}{\376\377\006\105\006\101\006\047\006\107\006\314\006\105\000\040\006\047\006\110\006\104\006\314\006\107}{}% 4
\BOOKMARK [1][-]{section.1.1}{\376\377\006\105\006\102\006\057\006\105\006\107}{chapter.1}% 5
\BOOKMARK [0][-]{chapter.2}{\376\377\006\105\006\101\006\047\006\107\006\314\006\105\000\040\006\047\006\110\006\104\006\314\006\107}{}% 6
\BOOKMARK [1][-]{section.2.1}{\376\377\006\105\006\102\006\057\006\105\006\107}{chapter.2}% 7
\BOOKMARK [2][-]{subsection.2.1.1}{\376\377\006\042\006\072\006\047\006\062\000\040\006\107\006\110\006\064\000\040\006\105\006\065\006\106\006\110\006\071\006\314\000\040\006\110\000\040\006\107\006\057\006\101\000\040\006\047\006\065\006\104\006\314}{section.2.1}% 8
\BOOKMARK [2][-]{subsection.2.1.2}{\376\377\006\057\006\110\006\061\006\107\006\124\000\040\006\067\006\104\006\047\006\314\006\314\000\040\006\110\000\040\006\176\006\314\006\064\006\061\006\101\006\052\040\014\006\107\006\047\006\314\000\040\006\047\006\110\006\104\006\314\006\107}{section.2.1}% 9
\BOOKMARK [2][-]{subsection.2.1.3}{\376\377\006\047\006\106\006\052\006\070\006\047\006\061\006\047\006\052\000\040\006\050\006\314\006\064\000\040\006\047\006\062\000\040\006\055\006\057\000\040\006\110\000\040\006\070\006\107\006\110\006\061\000\040\006\071\006\065\006\061\000\040\006\052\006\047\006\061\006\314\006\251}{section.2.1}% 10
\BOOKMARK [2][-]{subsection.2.1.4}{\376\377\006\071\006\110\006\047\006\105\006\104\000\040\006\047\006\065\006\104\006\314\000\040\006\071\006\065\006\061\000\040\006\052\006\047\006\061\006\314\006\251\000\040\006\107\006\110\006\064\000\040\006\105\006\065\006\106\006\110\006\071\006\314}{section.2.1}% 11
\BOOKMARK [2][-]{subsection.2.1.5}{\376\377\006\176\006\047\006\314\006\047\006\106\000\040\006\071\006\065\006\061\000\040\006\052\006\047\006\061\006\314\006\251\000\040\006\110\000\040\006\050\006\047\006\062\006\257\006\064\006\052\000\040\006\107\006\110\006\064\000\040\006\105\006\065\006\106\006\110\006\071\006\314}{section.2.1}% 12
\BOOKMARK [1][-]{section.2.2}{\376\377\006\047\006\106\006\110\006\047\006\071\000\040\006\105\006\057\006\104\000\040\006\314\006\047\006\057\006\257\006\314\006\061\006\314\000\040\006\105\006\047\006\064\006\314\006\106\000\040\006\110\000\040\006\064\006\050\006\251\006\107\040\014\006\107\006\047\006\314\000\040\006\071\006\065\006\050\006\314}{chapter.2}% 13
\BOOKMARK [2][-]{subsection.2.2.1}{\376\377\006\314\006\047\006\057\006\257\006\314\006\061\006\314\000\040\006\105\006\047\006\064\006\314\006\106\000:\000\040\006\105\006\061\006\110\006\061\006\314\000\040\006\251\006\104\006\314}{section.2.2}% 14
\BOOKMARK [2][-]{subsection.2.2.2}{\376\377\006\052\006\102\006\063\006\314\006\105\040\014\006\050\006\106\006\057\006\314\040\014\006\107\006\047\006\314\000\040\006\047\006\065\006\104\006\314\000\040\006\057\006\061\000\040\006\314\006\047\006\057\006\257\006\314\006\061\006\314\000\040\006\105\006\047\006\064\006\314\006\106}{section.2.2}% 15
\BOOKMARK [2][-]{subsection.2.2.3}{\376\377\006\314\006\047\006\057\006\257\006\314\006\061\006\314\000\040\006\106\006\070\006\047\006\061\006\052\040\014\006\064\006\057\006\107\000\040\000\050\000S\000u\000p\000e\000r\000v\000i\000s\000e\000d\000\040\000L\000e\000a\000r\000n\000i\000n\000g\000\051}{section.2.2}% 16
\BOOKMARK [2][-]{subsection.2.2.4}{\376\377\006\314\006\047\006\057\006\257\006\314\006\061\006\314\000\040\006\052\006\102\006\110\006\314\006\052\006\314\000\040\000\050\000R\000e\000i\000n\000f\000o\000r\000c\000e\000m\000e\000n\000t\000\040\000L\000e\000a\000r\000n\000i\000n\000g\000\051}{section.2.2}% 17
\BOOKMARK [2][-]{subsection.2.2.5}{\376\377\006\105\006\071\006\061\006\101\006\314\000\040\006\206\006\106\006\057\000\040\006\105\006\057\006\104\000\040\006\047\006\062\000\040\006\047\006\104\006\257\006\110\006\061\006\314\006\052\006\105\000\040\006\314\006\047\006\057\006\257\006\314\006\061\006\314\000\040\006\251\006\104\006\047\006\063\006\314\006\251}{section.2.2}% 18
\BOOKMARK [2][-]{subsection.2.2.6}{\376\377\006\105\006\047\006\064\006\314\006\106\000\040\006\050\006\061\006\057\006\047\006\061\000\040\006\176\006\064\006\052\006\314\006\050\006\047\006\106\000\040\000\050\000S\000u\000p\000p\000o\000r\000t\000\040\000V\000e\000c\000t\000o\000r\000\040\000M\000a\000c\000h\000i\000n\000e\000,\000\040\000S\000V\000M\000\051}{section.2.2}% 19
\BOOKMARK [2][-]{subsection.2.2.7}{\376\377\006\050\006\314\006\062\000\040\006\063\006\047\006\057\006\107\000\040\000\050\000N\000a\000i\000v\000e\000\040\000B\000a\000y\000e\000s\000\051}{section.2.2}% 20
\BOOKMARK [2][-]{subsection.2.2.8}{\376\377\006\064\006\050\006\251\006\107\040\014\006\107\006\047\006\314\000\040\006\071\006\065\006\050\006\314\000\040\006\050\006\047\006\062\006\257\006\064\006\052\006\314\000\040\000\050\000R\000N\000N\000\051\000\040\006\110\000\040\006\064\006\050\006\251\006\107\040\014\006\107\006\047\006\314\000\040\006\055\006\047\006\101\006\070\006\107\000\040\006\050\006\104\006\106\006\057\006\105\006\057\006\052\000\040\006\251\006\110\006\052\006\047\006\107\040\014\006\105\006\057\006\052\000\040\000\050\000L\000S\000T\000M\000\051}{section.2.2}% 21
\BOOKMARK [2][-]{subsection.2.2.9}{\376\377\000R\000N\000N}{section.2.2}% 22
\BOOKMARK [2][-]{subsection.2.2.10}{\376\377\006\105\006\062\006\047\006\314\006\047\000\040\006\110\000\040\006\105\006\071\006\047\006\314\006\050\000\040\000R\000N\000N}{section.2.2}% 23
\BOOKMARK [2][-]{subsection.2.2.11}{\376\377\006\064\006\050\006\251\006\107\040\014\006\107\006\047\006\314\000\040\006\055\006\047\006\101\006\070\006\107\000\040\006\050\006\104\006\106\006\057\006\105\006\057\006\052\000-\006\251\006\110\006\052\006\047\006\107\040\014\006\105\006\057\006\052\000\040\000\050\000L\000S\000T\000M\000\051}{section.2.2}% 24
\BOOKMARK [2][-]{subsection.2.2.12}{\376\377\006\070\006\107\006\110\006\061\000\040\000L\000S\000T\000M}{section.2.2}% 25
\BOOKMARK [1][-]{section.2.3}{\376\377\006\047\006\056\006\052\006\047\006\061\000\040\000L\000S\000T\000M\000:\000\040\006\106\006\110\006\042\006\110\006\061\006\314\000\040\006\057\006\061\000\040\006\105\006\102\006\047\006\314\006\063\006\107\000\040\006\050\006\047\000\040\000R\000N\000N}{chapter.2}% 26
\BOOKMARK [2][-]{subsection.2.3.1}{\376\377\006\110\006\066\006\071\006\314\006\052\000\040\006\063\006\104\006\110\006\104\006\314\000\040\000\050\000C\000e\000l\000l\000\040\000S\000t\000a\000t\000e\000\051}{section.2.3}% 27
\BOOKMARK [2][-]{subsection.2.3.2}{\376\377\006\057\006\061\006\110\006\047\006\062\006\107\040\014\006\107\006\047\000\040\000\050\000G\000a\000t\000e\000s\000\051}{section.2.3}% 28
\BOOKMARK [2][-]{subsection.2.3.3}{\376\377\006\050\006\107\040\014\006\061\006\110\006\062\006\061\006\063\006\047\006\106\006\314\000\040\006\110\006\066\006\071\006\314\006\052\000\040\006\063\006\104\006\110\006\104\006\314}{section.2.3}% 29
\BOOKMARK [2][-]{subsection.2.3.4}{\376\377\006\105\006\064\006\251\006\104\006\047\006\052\000\040\006\251\006\104\006\314\000\040\000R\000N\000N\000\040\006\110\000\040\000L\000S\000T\000M\000\040\006\110\000\040\006\070\006\107\006\110\006\061\000\040\006\052\006\061\006\106\006\063\006\101\006\110\006\061\006\105\006\061\006\107\006\047}{section.2.3}% 30
\BOOKMARK [0][-]{chapter.3}{\376\377\006\176\006\314\006\064\006\314\006\106\006\107\000\040\006\176\006\230\006\110\006\107\006\064}{}% 31
\BOOKMARK [1][-]{section.3.1}{\376\377\006\105\006\102\006\057\006\105\006\107}{chapter.3}% 32
\BOOKMARK [1][-]{section.3.2}{\376\377\006\105\006\064\006\251\006\104\006\047\006\052\000\040\006\052\006\061\006\054\006\105\006\107\000\040\006\105\006\047\006\064\006\314\006\106\006\314\000\040\006\110\000\040\006\052\006\061\006\047\006\106\006\063\006\101\006\110\006\061\006\105\006\061\006\107\006\047}{chapter.3}% 33
\BOOKMARK [1][-]{section.3.3}{\376\377\006\070\006\107\006\110\006\061\000\040\006\052\006\061\006\047\006\106\006\063\006\101\006\110\006\061\006\105\006\061\006\107\006\047}{chapter.3}% 34
\BOOKMARK [1][-]{section.3.4}{\376\377\006\105\006\071\006\105\006\047\006\061\006\314\000\040\006\052\006\061\006\047\006\106\006\063\006\101\006\110\006\061\006\105\006\061\006\107\006\047}{chapter.3}% 35
\BOOKMARK [2][-]{subsection.3.4.1}{\376\377\000E\000m\000b\000e\000d\000d\000i\000n\000g}{section.3.4}% 36
\BOOKMARK [2][-]{subsection.3.4.2}{\376\377\000p\000o\000s\000i\000t\000i\000o\000n\000a\000l\000\040\000e\000m\000b\000e\000d\000d\000i\000n\000g}{section.3.4}% 37
\BOOKMARK [2][-]{subsection.3.4.3}{\376\377\000a\000t\000t\000e\000n\000t\000i\000o\000n}{section.3.4}% 38
\BOOKMARK [2][-]{subsection.3.4.4}{\376\377\000R\000e\000s\000i\000d\000u\000a\000l\000\040\000C\000o\000n\000n\000e\000c\000t\000i\000o\000n\000\040\000\050\000A\000d\000d\000\051}{section.3.4}% 39
\BOOKMARK [2][-]{subsection.3.4.5}{\376\377\006\105\006\062\006\047\006\314\006\047\006\314\000\040\000R\000e\000s\000i\000d\000u\000a\000l\000\040\000C\000o\000n\000n\000e\000c\000t\000i\000o\000n\000\040\006\057\006\061\000\040\006\052\006\061\006\047\006\106\006\063\006\101\006\110\006\061\006\105\006\061}{section.3.4}% 40
\BOOKMARK [1][-]{section.3.5}{\376\377\000L\000a\000y\000e\000r\000\040\000N\000o\000r\000m\000a\000l\000i\000z\000a\000t\000i\000o\000n\000\040\000\050\000N\000o\000r\000m\000\051\000:}{chapter.3}% 41
\BOOKMARK [1][-]{section.3.6}{\376\377\000d\000e\000c\000o\000d\000e\000r}{chapter.3}% 42
\BOOKMARK [1][-]{section.3.7}{\376\377\000m\000a\000s\000k\000e\000d\000\040\000m\000u\000l\000t\000i\000\040\000h\000e\000a\000d\000\040\000a\000t\000t\000e\000n\000t\000i\000o\000n}{chapter.3}% 43
\BOOKMARK [1][-]{section.3.8}{\376\377\006\105\006\053\006\047\006\104\000\040\006\071\006\057\006\057\006\314\000\040\000m\000a\000s\000k\000\040\000a\000t\000t\000e\000n\000t\000i\000o\000n}{chapter.3}% 44
\BOOKMARK [1][-]{section.3.9}{\376\377\000v\000i\000s\000i\000o\000n\000\040\000t\000r\000a\000n\000s\000f\000o\000r\000m\000e\000r}{chapter.3}% 45
\BOOKMARK [2][-]{subsection.3.9.1}{\376\377\000p\000a\000t\000c\000h\000\040\000e\000m\000b\000e\000d\000d\000i\000n\000g\000\040\000i\000n\000\040\000v\000i\000s\000i\000o\000n\000\040\000t\000r\000a\000n\000s\000f\000o\000r\000m\000e\000r}{section.3.9}% 46
\BOOKMARK [2][-]{subsection.3.9.2}{\376\377\006\064\006\251\006\104\000\040\006\176\006\206\040\014\006\107\006\047\000:}{section.3.9}% 47
\BOOKMARK [2][-]{subsection.3.9.3}{\376\377\006\052\006\071\006\057\006\047\006\057\000\040\006\176\006\206\040\014\006\107\006\047\000:}{section.3.9}% 48
\BOOKMARK [2][-]{subsection.3.9.4}{\376\377\006\050\006\061\006\057\006\047\006\061\006\251\006\061\006\057\006\106\000\040\006\107\006\061\000\040\006\176\006\206}{section.3.9}% 49
\BOOKMARK [1][-]{section.3.10}{\376\377\006\047\006\071\006\105\006\047\006\104\000\040\006\104\006\047\006\314\006\107\006\124\000\040\006\056\006\067\006\314\000\040\000\050\000P\000r\000o\000j\000e\000c\000t\000i\000o\000n\000\051}{chapter.3}% 50
\BOOKMARK [2][-]{subsection.3.10.1}{\376\377\000C\000L\000S\000\040\000T\000o\000k\000e\000n}{section.3.10}% 51
\BOOKMARK [2][-]{subsection.3.10.2}{\376\377\000E\000n\000c\000o\000d\000e\000r\000\040\000i\000n\000\040\000v\000i\000s\000i\000o\000n\000\040\000t\000r\000a\000n\000s\000f\000o\000r\000m\000e\000r}{section.3.10}% 52
\BOOKMARK [1][-]{section.3.11}{\376\377\000S\000w\000i\000n\000\040\000T\000r\000a\000n\000s\000f\000o\000r\000m\000e\000r\000:}{chapter.3}% 53
\BOOKMARK [2][-]{subsection.3.11.1}{\376\377\006\102\006\067\006\071\006\107\040\014\006\050\006\106\006\057\006\314\000\040\006\176\006\206\000\040\000\050\000P\000a\000t\000c\000h\000\040\000P\000a\000r\000t\000i\000t\000i\000o\000n\000\051}{section.3.11}% 54
\BOOKMARK [2][-]{subsection.3.11.2}{\376\377\000L\000i\000n\000e\000a\000r\000\040\000E\000m\000b\000e\000d\000d\000i\000n\000g}{section.3.11}% 55
\BOOKMARK [2][-]{subsection.3.11.3}{\376\377\000W\000i\000n\000d\000o\000w\000\040\000M\000u\000l\000t\000i\000-\000H\000e\000a\000d\000\040\000S\000e\000l\000f\000-\000A\000t\000t\000e\000n\000t\000i\000o\000n}{section.3.11}% 56
\BOOKMARK [2][-]{subsection.3.11.4}{\376\377\000A\000t\000t\000e\000n\000t\000i\000o\000n}{section.3.11}% 57
\BOOKMARK [2][-]{subsection.3.11.5}{\376\377\000s\000h\000i\000f\000t\000e\000d\000\040\000W\000i\000n\000d\000o\000w\000s}{section.3.11}% 58
\BOOKMARK [2][-]{subsection.3.11.6}{\376\377\000M\000l\000p}{section.3.11}% 59
\BOOKMARK [2][-]{subsection.3.11.7}{\376\377\000p\000a\000t\000c\000h\000\040\000m\000e\000r\000g\000i\000n\000g}{section.3.11}% 60
\BOOKMARK [0][-]{chapter.4}{\376\377\006\176\006\314\006\064\006\314\006\106\006\107\000\040\006\176\006\230\006\110\006\107\006\064}{}% 61
\BOOKMARK [1][-]{subsection.4.0.1}{\376\377\006\110\006\314\006\230\006\257\006\314\040\014\006\107\006\047\006\314\000\040\006\105\006\055\006\104\006\314\000\040\000\050\000L\000o\000c\000a\000l\000\040\000F\000e\000a\000t\000u\000r\000e\000s\000\051}{chapter.4}% 62
\BOOKMARK [2][-]{subsection.4.0.2}{\376\377\006\110\006\314\006\230\006\257\006\314\040\014\006\107\006\047\006\314\000\040\006\054\006\107\006\047\006\106\006\314\000\040\000\050\000G\000l\000o\000b\000a\000l\000\040\000F\000e\000a\000t\000u\000r\000e\000s\000\051}{subsection.4.0.1}% 63
\BOOKMARK [2][-]{subsection.4.0.3}{\376\377\006\052\006\061\006\047\006\106\006\063\006\101\006\110\006\061\006\105\006\061\006\107\006\047\000\040\006\110\000\040\006\105\006\055\006\057\006\110\006\057\006\314\006\052\040\014\006\107\006\047\006\314\000\040\006\057\006\314\006\057\000\040\006\105\006\055\006\104\006\314}{subsection.4.0.1}% 64
\BOOKMARK [2][-]{subsection.4.0.4}{\376\377\006\061\006\110\006\064\000\040\006\047\006\110\006\104\000:}{subsection.4.0.1}% 65
\BOOKMARK [2][-]{subsection.4.0.5}{\376\377\006\052\006\050\006\057\006\314\006\104\000\040\006\052\006\065\006\047\006\110\006\314\006\061\000\040\006\050\006\107\000\040\006\057\006\110\000\040\006\176\006\206\000\040\006\105\006\054\006\062\006\047\000:}{subsection.4.0.1}% 66
\BOOKMARK [2][-]{subsection.4.0.6}{\376\377\006\107\006\105\006\047\006\107\006\106\006\257\000\040\006\063\006\047\006\062\006\314\000\040\006\176\006\206\000\040\006\107\006\047\000:}{subsection.4.0.1}% 67
\BOOKMARK [2][-]{subsection.4.0.7}{\376\377\000P\000o\000s\000i\000t\000i\000o\000n\000a\000l\000\040\000E\000m\000b\000e\000d\000d\000i\000n\000g}{subsection.4.0.1}% 68
\BOOKMARK [2][-]{subsection.4.0.8}{\376\377\006\104\006\047\006\314\006\107\000\040\006\107\006\047\006\314\000\040\006\047\006\110\006\104\000\040\006\052\006\047\000\040\006\107\006\064\006\052\006\105\000\040\006\047\006\106\006\251\006\110\006\057\006\061}{subsection.4.0.1}% 69
\BOOKMARK [2][-]{subsection.4.0.9}{\376\377\006\104\006\047\006\314\006\107\000\040\006\106\006\107\006\105\000\040\006\047\006\106\006\251\006\110\006\057\006\061}{subsection.4.0.1}% 70
\BOOKMARK [2][-]{subsection.4.0.10}{\376\377\006\105\006\055\006\047\006\063\006\050\006\107\006\124\000\040\006\105\006\047\006\052\006\061\006\314\006\063\000\040\006\064\006\050\006\047\006\107\006\052\000\040\000\050\000Q\000K\000T\000\051\000\040\006\110\000\040\006\105\006\314\006\047\006\106\006\257\006\314\006\106\040\014\006\257\006\314\006\061\006\314}{subsection.4.0.1}% 71
\BOOKMARK [2][-]{subsection.4.0.11}{\376\377\006\047\006\071\006\105\006\047\006\104\000\040\006\105\006\102\006\314\006\047\006\063\040\014\006\050\006\106\006\057\006\314\000\040\000\040\0001\000d\000k\000\040\000\040\006\110\000\040\000S\000o\000f\000t\000m\000a\000x}{subsection.4.0.1}% 72
\BOOKMARK [2][-]{subsection.4.0.12}{\376\377\006\047\006\057\006\072\006\047\006\105\000\040\006\110\006\062\006\106\006\314}{subsection.4.0.1}% 73
\BOOKMARK [1][-]{section.4.1}{\376\377\006\061\006\110\006\064\000\040\006\057\006\110\006\105\000\040\000d\000o\000w\000n\000\040\000s\000a\000m\000p\000l\000i\000n\000g\000:\000\040}{chapter.4}% 74
\BOOKMARK [2][-]{subsection.4.1.1}{\376\377\006\055\006\061\006\251\006\052\000\040\006\052\006\057\006\061\006\314\006\054\006\314\000\040\006\047\006\062\000\040\006\054\006\062\006\046\006\314\006\047\006\052\000\040\006\050\006\107\000\040\006\251\006\104\006\314\006\052}{section.4.1}% 75
\BOOKMARK [2][-]{subsection.4.1.2}{\376\377\006\251\006\105\000\040\006\106\006\064\006\057\006\106\000\040\006\176\006\047\006\061\006\047\006\105\006\052\006\061\000\040\006\107\006\047\000\040\006\057\006\061\000\040\006\047\006\314\006\106\000\040\006\105\006\057\006\104}{section.4.1}% 76
\BOOKMARK [0][-]{chapter.5}{\376\377\006\042\006\062\006\105\006\047\006\314\006\064\006\047\006\052\000\040\006\110\000\040\006\106\006\052\006\047\006\314\006\054}{}% 77
\BOOKMARK [0][-]{chapter*.60}{\376\377\006\251\006\052\006\047\006\050\040\014\006\106\006\047\006\105\006\107}{}% 78
\BOOKMARK [0][-]{appendix.Alph1}{\376\377\006\054\006\062\006\046\006\314\006\047\006\052\000\040\006\105\006\057\006\104\040\014\006\107\006\047\000\040\006\110\000\040\006\054\006\057\006\110\006\104\000\040\006\176\006\047\006\061\006\047\006\105\006\052\006\061\006\107\006\047}{}% 79
